<?xml version="1.0" encoding="UTF-8"?>
<!-- Generated by org.testng.reporters.JUnitReportReporter -->
<testsuite hostname="VAVPC-QA-06" failures="0" tests="1" name="testCases.TC" time="21.132" errors="0" timestamp="2021-11-10T12:37:18 EST" skipped="0">
  <testcase classname="testCases.TC" name="searchJobs" time="21.132"/>
  <system-out/>
</testsuite> <!-- testCases.TC -->
