<?xml version="1.0" encoding="UTF-8"?>
<!-- Generated by org.testng.reporters.JUnitReportReporter -->
<testsuite hostname="VAVPC-QA-06" failures="0" tests="2" name="testCases.TC" time="32.688" errors="0" timestamp="2021-11-10T12:53:39 EST" skipped="0">
  <testcase classname="testCases.TC" name="searchJobs" time="18.726"/>
  <system-out/>
  <testcase classname="testCases.TC" name="searchJobs" time="13.962"/>
  <system-out/>
</testsuite> <!-- testCases.TC -->
